0 info it worked if it ends with ok
1 verbose cli [ '/usr/local/bin/node', '/usr/local/bin/npm', 'run', 'test' ]
2 info using npm@3.10.10
3 info using node@v6.9.4
4 verbose run-script [ 'pretest', 'test', 'posttest' ]
5 info lifecycle interview-take-home@1.0.0~pretest: interview-take-home@1.0.0
6 silly lifecycle interview-take-home@1.0.0~pretest: no script for pretest, continuing
7 info lifecycle interview-take-home@1.0.0~test: interview-take-home@1.0.0
8 verbose lifecycle interview-take-home@1.0.0~test: unsafe-perm in lifecycle true
9 verbose lifecycle interview-take-home@1.0.0~test: PATH: /usr/local/lib/node_modules/npm/bin/node-gyp-bin:/Users/apple/Documents/interview-take-home/node_modules/.bin:/usr/local/bin:/usr/bin:/bin:/usr/sbin:/sbin:/usr/local/go/bin:/usr/local/MacGPG2/bin
10 verbose lifecycle interview-take-home@1.0.0~test: CWD: /Users/apple/Documents/interview-take-home
11 silly lifecycle interview-take-home@1.0.0~test: Args: [ '-c',
11 silly lifecycle   'NODE_ENV=test istanbul cover _mocha tests/unit/**/*.js' ]
12 info lifecycle interview-take-home@1.0.0~test: Failed to exec test script
13 verbose stack Error: interview-take-home@1.0.0 test: `NODE_ENV=test istanbul cover _mocha tests/unit/**/*.js`
13 verbose stack spawn ENOENT
13 verbose stack     at ChildProcess.<anonymous> (/usr/local/lib/node_modules/npm/lib/utils/spawn.js:33:16)
13 verbose stack     at emitTwo (events.js:106:13)
13 verbose stack     at ChildProcess.emit (events.js:191:7)
13 verbose stack     at maybeClose (internal/child_process.js:877:16)
13 verbose stack     at Process.ChildProcess._handle.onexit (internal/child_process.js:226:5)
14 verbose pkgid interview-take-home@1.0.0
15 verbose cwd /Users/apple/Documents/interview-take-home
16 error Darwin 17.2.0
17 error argv "/usr/local/bin/node" "/usr/local/bin/npm" "run" "test"
18 error node v6.9.4
19 error npm  v3.10.10
20 error file sh
21 error code ELIFECYCLE
22 error errno ENOENT
23 error syscall spawn
24 error interview-take-home@1.0.0 test: `NODE_ENV=test istanbul cover _mocha tests/unit/**/*.js`
24 error spawn ENOENT
25 error Failed at the interview-take-home@1.0.0 test script 'NODE_ENV=test istanbul cover _mocha tests/unit/**/*.js'.
25 error Make sure you have the latest version of node.js and npm installed.
25 error If you do, this is most likely a problem with the interview-take-home package,
25 error not with npm itself.
25 error Tell the author that this fails on your system:
25 error     NODE_ENV=test istanbul cover _mocha tests/unit/**/*.js
25 error You can get information on how to open an issue for this project with:
25 error     npm bugs interview-take-home
25 error Or if that isn't available, you can get their info via:
25 error     npm owner ls interview-take-home
25 error There is likely additional logging output above.
26 verbose exit [ 1, true ]
